<?xml version="1.0" encoding="utf-8"?><testsuites><testsuite name="pytest" errors="0" failures="0" skipped="0" tests="27" time="51.525" timestamp="2024-11-14T14:27:07.316435+00:00" hostname="biobb-runners"><testcase classname="biobb_analysis.test.unitests.test_ambertools.test_cpptraj_average.TestCpptrajAverage" name="test_average" time="0.325" /><testcase classname="biobb_analysis.test.unitests.test_ambertools.test_cpptraj_bfactor.TestCpptrajBfactorFirst" name="test_bfactor_first" time="0.302" /><testcase classname="biobb_analysis.test.unitests.test_ambertools.test_cpptraj_bfactor.TestCpptrajBfactorAverage" name="test_bfactor_average" time="0.262" /><testcase classname="biobb_analysis.test.unitests.test_ambertools.test_cpptraj_bfactor.TestCpptrajBfactorExperimental" name="test_bfactor_experimental" time="0.270" /><testcase classname="biobb_analysis.test.unitests.test_ambertools.test_cpptraj_convert.TestCpptrajConvert" name="test_convert" time="0.273" /><testcase classname="biobb_analysis.test.unitests.test_ambertools.test_cpptraj_dry.TestCpptrajDry" name="test_dry" time="0.266" /><testcase classname="biobb_analysis.test.unitests.test_ambertools.test_cpptraj_image.TestCpptrajImage" name="test_image" time="0.259" /><testcase classname="biobb_analysis.test.unitests.test_ambertools.test_cpptraj_input.TestCpptrajInput" name="test_input" time="0.332" /><testcase classname="biobb_analysis.test.unitests.test_ambertools.test_cpptraj_mask.TestCpptrajMask" name="test_mask" time="0.268" /><testcase classname="biobb_analysis.test.unitests.test_ambertools.test_cpptraj_rgyr.TestCpptrajRgyr" name="test_rgyr" time="0.248" /><testcase classname="biobb_analysis.test.unitests.test_ambertools.test_cpptraj_rms.TestCpptrajRmsFirst" name="test_rms_first" time="0.507" /><testcase classname="biobb_analysis.test.unitests.test_ambertools.test_cpptraj_rms.TestCpptrajRmsAverage" name="test_rms_average" time="0.860" /><testcase classname="biobb_analysis.test.unitests.test_ambertools.test_cpptraj_rms.TestCpptrajRmsExperimental" name="test_rms_experimental" time="0.342" /><testcase classname="biobb_analysis.test.unitests.test_ambertools.test_cpptraj_rmsf.TestCpptrajRmsfFirst" name="test_rmsf_first" time="0.346" /><testcase classname="biobb_analysis.test.unitests.test_ambertools.test_cpptraj_rmsf.TestCpptrajRmsfAverage" name="test_rmsf_average" time="0.293" /><testcase classname="biobb_analysis.test.unitests.test_ambertools.test_cpptraj_rmsf.TestCpptrajRmsfExperimental" name="test_rmsf_experimental" time="0.270" /><testcase classname="biobb_analysis.test.unitests.test_ambertools.test_cpptraj_slice.TestCpptrajSlice" name="test_slice" time="0.249" /><testcase classname="biobb_analysis.test.unitests.test_ambertools.test_cpptraj_snapshot.TestCpptrajSnapshot" name="test_snapshot" time="0.297" /><testcase classname="biobb_analysis.test.unitests.test_ambertools.test_cpptraj_strip.TestCpptrajStrip" name="test_strip" time="0.273" /><testcase classname="biobb_analysis.test.unitests.test_gromacs.test_gmx_cluster.TestGMXCluster" name="test_cluster" time="18.556" /><testcase classname="biobb_analysis.test.unitests.test_gromacs.test_gmx_energy.TestGMXEnergy" name="test_energy" time="0.211" /><testcase classname="biobb_analysis.test.unitests.test_gromacs.test_gmx_image.TestGMXImage" name="test_image" time="0.323" /><testcase classname="biobb_analysis.test.unitests.test_gromacs.test_gmx_rgyr.TestGMXRgyr" name="test_rgyr" time="0.293" /><testcase classname="biobb_analysis.test.unitests.test_gromacs.test_gmx_rms.TestGMXRms" name="test_rms" time="0.293" /><testcase classname="biobb_analysis.test.unitests.test_gromacs.test_gmx_trjconv_str.TestGMXTrjConvStr" name="test_trjconv_str" time="18.190" /><testcase classname="biobb_analysis.test.unitests.test_gromacs.test_gmx_trjconv_str_ens.TestGMXTrjConvStrEns" name="test_trjconv_str_ens" time="4.542" /><testcase classname="biobb_analysis.test.unitests.test_gromacs.test_gmx_trjconv_trj.TestGMXTrjConvTrj" name="test_trjconv_trj" time="0.233" /></testsuite></testsuites>