<?xml version="1.0" encoding="utf-8"?><testsuites name="pytest tests"><testsuite name="pytest" errors="0" failures="0" skipped="0" tests="27" time="105.100" timestamp="2025-06-19T09:55:54.674520+00:00" hostname="github-actions.vm.mmb.pcb.ub.es"><testcase classname="biobb_analysis.test.unitests.test_ambertools.test_cpptraj_average.TestCpptrajAverage" name="test_average" time="0.720" /><testcase classname="biobb_analysis.test.unitests.test_ambertools.test_cpptraj_bfactor.TestCpptrajBfactorFirst" name="test_bfactor_first" time="0.493" /><testcase classname="biobb_analysis.test.unitests.test_ambertools.test_cpptraj_bfactor.TestCpptrajBfactorAverage" name="test_bfactor_average" time="0.487" /><testcase classname="biobb_analysis.test.unitests.test_ambertools.test_cpptraj_bfactor.TestCpptrajBfactorExperimental" name="test_bfactor_experimental" time="0.507" /><testcase classname="biobb_analysis.test.unitests.test_ambertools.test_cpptraj_convert.TestCpptrajConvert" name="test_convert" time="0.473" /><testcase classname="biobb_analysis.test.unitests.test_ambertools.test_cpptraj_dry.TestCpptrajDry" name="test_dry" time="0.497" /><testcase classname="biobb_analysis.test.unitests.test_ambertools.test_cpptraj_image.TestCpptrajImage" name="test_image" time="0.524" /><testcase classname="biobb_analysis.test.unitests.test_ambertools.test_cpptraj_input.TestCpptrajInput" name="test_input" time="0.522" /><testcase classname="biobb_analysis.test.unitests.test_ambertools.test_cpptraj_mask.TestCpptrajMask" name="test_mask" time="0.509" /><testcase classname="biobb_analysis.test.unitests.test_ambertools.test_cpptraj_rgyr.TestCpptrajRgyr" name="test_rgyr" time="0.505" /><testcase classname="biobb_analysis.test.unitests.test_ambertools.test_cpptraj_rms.TestCpptrajRmsFirst" name="test_rms_first" time="0.548" /><testcase classname="biobb_analysis.test.unitests.test_ambertools.test_cpptraj_rms.TestCpptrajRmsAverage" name="test_rms_average" time="1.479" /><testcase classname="biobb_analysis.test.unitests.test_ambertools.test_cpptraj_rms.TestCpptrajRmsExperimental" name="test_rms_experimental" time="0.587" /><testcase classname="biobb_analysis.test.unitests.test_ambertools.test_cpptraj_rmsf.TestCpptrajRmsfFirst" name="test_rmsf_first" time="0.471" /><testcase classname="biobb_analysis.test.unitests.test_ambertools.test_cpptraj_rmsf.TestCpptrajRmsfAverage" name="test_rmsf_average" time="0.483" /><testcase classname="biobb_analysis.test.unitests.test_ambertools.test_cpptraj_rmsf.TestCpptrajRmsfExperimental" name="test_rmsf_experimental" time="0.525" /><testcase classname="biobb_analysis.test.unitests.test_ambertools.test_cpptraj_slice.TestCpptrajSlice" name="test_slice" time="0.468" /><testcase classname="biobb_analysis.test.unitests.test_ambertools.test_cpptraj_snapshot.TestCpptrajSnapshot" name="test_snapshot" time="0.649" /><testcase classname="biobb_analysis.test.unitests.test_ambertools.test_cpptraj_strip.TestCpptrajStrip" name="test_strip" time="0.527" /><testcase classname="biobb_analysis.test.unitests.test_gromacs.test_gmx_cluster.TestGMXCluster" name="test_cluster" time="42.826" /><testcase classname="biobb_analysis.test.unitests.test_gromacs.test_gmx_energy.TestGMXEnergy" name="test_energy" time="0.391" /><testcase classname="biobb_analysis.test.unitests.test_gromacs.test_gmx_image.TestGMXImage" name="test_image" time="0.644" /><testcase classname="biobb_analysis.test.unitests.test_gromacs.test_gmx_rgyr.TestGMXRgyr" name="test_rgyr" time="0.574" /><testcase classname="biobb_analysis.test.unitests.test_gromacs.test_gmx_rms.TestGMXRms" name="test_rms" time="0.587" /><testcase classname="biobb_analysis.test.unitests.test_gromacs.test_gmx_trjconv_str.TestGMXTrjConvStr" name="test_trjconv_str" time="37.447" /><testcase classname="biobb_analysis.test.unitests.test_gromacs.test_gmx_trjconv_str_ens.TestGMXTrjConvStrEns" name="test_trjconv_str_ens" time="8.561" /><testcase classname="biobb_analysis.test.unitests.test_gromacs.test_gmx_trjconv_trj.TestGMXTrjConvTrj" name="test_trjconv_trj" time="0.579" /></testsuite></testsuites>