<?xml version="1.0" encoding="utf-8"?><testsuites><testsuite name="pytest" errors="0" failures="0" skipped="0" tests="27" time="117.653" timestamp="2025-01-21T15:18:24.906134+00:00" hostname="github-actions.vm.mmb.pcb.ub.es"><testcase classname="biobb_analysis.test.unitests.test_ambertools.test_cpptraj_average.TestCpptrajAverage" name="test_average" time="0.793" /><testcase classname="biobb_analysis.test.unitests.test_ambertools.test_cpptraj_bfactor.TestCpptrajBfactorFirst" name="test_bfactor_first" time="0.628" /><testcase classname="biobb_analysis.test.unitests.test_ambertools.test_cpptraj_bfactor.TestCpptrajBfactorAverage" name="test_bfactor_average" time="0.594" /><testcase classname="biobb_analysis.test.unitests.test_ambertools.test_cpptraj_bfactor.TestCpptrajBfactorExperimental" name="test_bfactor_experimental" time="0.636" /><testcase classname="biobb_analysis.test.unitests.test_ambertools.test_cpptraj_convert.TestCpptrajConvert" name="test_convert" time="0.584" /><testcase classname="biobb_analysis.test.unitests.test_ambertools.test_cpptraj_dry.TestCpptrajDry" name="test_dry" time="0.612" /><testcase classname="biobb_analysis.test.unitests.test_ambertools.test_cpptraj_image.TestCpptrajImage" name="test_image" time="0.630" /><testcase classname="biobb_analysis.test.unitests.test_ambertools.test_cpptraj_input.TestCpptrajInput" name="test_input" time="0.627" /><testcase classname="biobb_analysis.test.unitests.test_ambertools.test_cpptraj_mask.TestCpptrajMask" name="test_mask" time="0.612" /><testcase classname="biobb_analysis.test.unitests.test_ambertools.test_cpptraj_rgyr.TestCpptrajRgyr" name="test_rgyr" time="0.573" /><testcase classname="biobb_analysis.test.unitests.test_ambertools.test_cpptraj_rms.TestCpptrajRmsFirst" name="test_rms_first" time="0.655" /><testcase classname="biobb_analysis.test.unitests.test_ambertools.test_cpptraj_rms.TestCpptrajRmsAverage" name="test_rms_average" time="1.589" /><testcase classname="biobb_analysis.test.unitests.test_ambertools.test_cpptraj_rms.TestCpptrajRmsExperimental" name="test_rms_experimental" time="0.675" /><testcase classname="biobb_analysis.test.unitests.test_ambertools.test_cpptraj_rmsf.TestCpptrajRmsfFirst" name="test_rmsf_first" time="0.569" /><testcase classname="biobb_analysis.test.unitests.test_ambertools.test_cpptraj_rmsf.TestCpptrajRmsfAverage" name="test_rmsf_average" time="0.605" /><testcase classname="biobb_analysis.test.unitests.test_ambertools.test_cpptraj_rmsf.TestCpptrajRmsfExperimental" name="test_rmsf_experimental" time="0.600" /><testcase classname="biobb_analysis.test.unitests.test_ambertools.test_cpptraj_slice.TestCpptrajSlice" name="test_slice" time="0.555" /><testcase classname="biobb_analysis.test.unitests.test_ambertools.test_cpptraj_snapshot.TestCpptrajSnapshot" name="test_snapshot" time="0.695" /><testcase classname="biobb_analysis.test.unitests.test_ambertools.test_cpptraj_strip.TestCpptrajStrip" name="test_strip" time="0.615" /><testcase classname="biobb_analysis.test.unitests.test_gromacs.test_gmx_cluster.TestGMXCluster" name="test_cluster" time="47.786" /><testcase classname="biobb_analysis.test.unitests.test_gromacs.test_gmx_energy.TestGMXEnergy" name="test_energy" time="0.495" /><testcase classname="biobb_analysis.test.unitests.test_gromacs.test_gmx_image.TestGMXImage" name="test_image" time="0.746" /><testcase classname="biobb_analysis.test.unitests.test_gromacs.test_gmx_rgyr.TestGMXRgyr" name="test_rgyr" time="0.677" /><testcase classname="biobb_analysis.test.unitests.test_gromacs.test_gmx_rms.TestGMXRms" name="test_rms" time="0.689" /><testcase classname="biobb_analysis.test.unitests.test_gromacs.test_gmx_trjconv_str.TestGMXTrjConvStr" name="test_trjconv_str" time="43.348" /><testcase classname="biobb_analysis.test.unitests.test_gromacs.test_gmx_trjconv_str_ens.TestGMXTrjConvStrEns" name="test_trjconv_str_ens" time="8.100" /><testcase classname="biobb_analysis.test.unitests.test_gromacs.test_gmx_trjconv_trj.TestGMXTrjConvTrj" name="test_trjconv_trj" time="0.551" /></testsuite></testsuites>