<?xml version="1.0" encoding="utf-8"?><testsuites name="pytest tests"><testsuite name="pytest" errors="0" failures="0" skipped="0" tests="27" time="82.022" timestamp="2025-09-08T10:35:01.973910+00:00" hostname="github-actions.vm.mmb.pcb.ub.es"><testcase classname="biobb_analysis.test.unitests.test_ambertools.test_cpptraj_average.TestCpptrajAverage" name="test_average" time="0.536" /><testcase classname="biobb_analysis.test.unitests.test_ambertools.test_cpptraj_bfactor.TestCpptrajBfactorFirst" name="test_bfactor_first" time="0.439" /><testcase classname="biobb_analysis.test.unitests.test_ambertools.test_cpptraj_bfactor.TestCpptrajBfactorAverage" name="test_bfactor_average" time="0.426" /><testcase classname="biobb_analysis.test.unitests.test_ambertools.test_cpptraj_bfactor.TestCpptrajBfactorExperimental" name="test_bfactor_experimental" time="0.462" /><testcase classname="biobb_analysis.test.unitests.test_ambertools.test_cpptraj_convert.TestCpptrajConvert" name="test_convert" time="0.410" /><testcase classname="biobb_analysis.test.unitests.test_ambertools.test_cpptraj_dry.TestCpptrajDry" name="test_dry" time="0.433" /><testcase classname="biobb_analysis.test.unitests.test_ambertools.test_cpptraj_image.TestCpptrajImage" name="test_image" time="0.445" /><testcase classname="biobb_analysis.test.unitests.test_ambertools.test_cpptraj_input.TestCpptrajInput" name="test_input" time="0.444" /><testcase classname="biobb_analysis.test.unitests.test_ambertools.test_cpptraj_mask.TestCpptrajMask" name="test_mask" time="0.412" /><testcase classname="biobb_analysis.test.unitests.test_ambertools.test_cpptraj_rgyr.TestCpptrajRgyr" name="test_rgyr" time="0.427" /><testcase classname="biobb_analysis.test.unitests.test_ambertools.test_cpptraj_rms.TestCpptrajRmsFirst" name="test_rms_first" time="0.470" /><testcase classname="biobb_analysis.test.unitests.test_ambertools.test_cpptraj_rms.TestCpptrajRmsAverage" name="test_rms_average" time="1.267" /><testcase classname="biobb_analysis.test.unitests.test_ambertools.test_cpptraj_rms.TestCpptrajRmsExperimental" name="test_rms_experimental" time="0.515" /><testcase classname="biobb_analysis.test.unitests.test_ambertools.test_cpptraj_rmsf.TestCpptrajRmsfFirst" name="test_rmsf_first" time="0.424" /><testcase classname="biobb_analysis.test.unitests.test_ambertools.test_cpptraj_rmsf.TestCpptrajRmsfAverage" name="test_rmsf_average" time="0.448" /><testcase classname="biobb_analysis.test.unitests.test_ambertools.test_cpptraj_rmsf.TestCpptrajRmsfExperimental" name="test_rmsf_experimental" time="0.438" /><testcase classname="biobb_analysis.test.unitests.test_ambertools.test_cpptraj_slice.TestCpptrajSlice" name="test_slice" time="0.402" /><testcase classname="biobb_analysis.test.unitests.test_ambertools.test_cpptraj_snapshot.TestCpptrajSnapshot" name="test_snapshot" time="0.482" /><testcase classname="biobb_analysis.test.unitests.test_ambertools.test_cpptraj_strip.TestCpptrajStrip" name="test_strip" time="0.454" /><testcase classname="biobb_analysis.test.unitests.test_gromacs.test_gmx_cluster.TestGMXCluster" name="test_cluster" time="31.604" /><testcase classname="biobb_analysis.test.unitests.test_gromacs.test_gmx_energy.TestGMXEnergy" name="test_energy" time="0.347" /><testcase classname="biobb_analysis.test.unitests.test_gromacs.test_gmx_image.TestGMXImage" name="test_image" time="0.538" /><testcase classname="biobb_analysis.test.unitests.test_gromacs.test_gmx_rgyr.TestGMXRgyr" name="test_rgyr" time="0.490" /><testcase classname="biobb_analysis.test.unitests.test_gromacs.test_gmx_rms.TestGMXRms" name="test_rms" time="0.494" /><testcase classname="biobb_analysis.test.unitests.test_gromacs.test_gmx_trjconv_str.TestGMXTrjConvStr" name="test_trjconv_str" time="30.318" /><testcase classname="biobb_analysis.test.unitests.test_gromacs.test_gmx_trjconv_str_ens.TestGMXTrjConvStrEns" name="test_trjconv_str_ens" time="5.388" /><testcase classname="biobb_analysis.test.unitests.test_gromacs.test_gmx_trjconv_trj.TestGMXTrjConvTrj" name="test_trjconv_trj" time="0.395" /></testsuite></testsuites>