<?xml version="1.0" encoding="utf-8"?><testsuites><testsuite name="pytest" errors="0" failures="0" skipped="0" tests="27" time="63.060" timestamp="2023-04-04T15:18:17.319530" hostname="biobb-runners"><testcase classname="biobb_analysis.test.unitests.test_ambertools.test_cpptraj_average.TestCpptrajAverage" name="test_average" time="0.448" /><testcase classname="biobb_analysis.test.unitests.test_ambertools.test_cpptraj_bfactor.TestCpptrajBfactorFirst" name="test_bfactor_first" time="0.644" /><testcase classname="biobb_analysis.test.unitests.test_ambertools.test_cpptraj_bfactor.TestCpptrajBfactorAverage" name="test_bfactor_average" time="0.404" /><testcase classname="biobb_analysis.test.unitests.test_ambertools.test_cpptraj_bfactor.TestCpptrajBfactorExperimental" name="test_bfactor_experimental" time="0.475" /><testcase classname="biobb_analysis.test.unitests.test_ambertools.test_cpptraj_convert.TestCpptrajConvert" name="test_convert" time="0.375" /><testcase classname="biobb_analysis.test.unitests.test_ambertools.test_cpptraj_dry.TestCpptrajDry" name="test_dry" time="0.380" /><testcase classname="biobb_analysis.test.unitests.test_ambertools.test_cpptraj_image.TestCpptrajImage" name="test_image" time="0.375" /><testcase classname="biobb_analysis.test.unitests.test_ambertools.test_cpptraj_input.TestCpptrajInput" name="test_input" time="0.368" /><testcase classname="biobb_analysis.test.unitests.test_ambertools.test_cpptraj_mask.TestCpptrajMask" name="test_mask" time="0.437" /><testcase classname="biobb_analysis.test.unitests.test_ambertools.test_cpptraj_rgyr.TestCpptrajRgyr" name="test_rgyr" time="0.400" /><testcase classname="biobb_analysis.test.unitests.test_ambertools.test_cpptraj_rms.TestCpptrajRmsFirst" name="test_rms_first" time="0.445" /><testcase classname="biobb_analysis.test.unitests.test_ambertools.test_cpptraj_rms.TestCpptrajRmsAverage" name="test_rms_average" time="1.069" /><testcase classname="biobb_analysis.test.unitests.test_ambertools.test_cpptraj_rms.TestCpptrajRmsExperimental" name="test_rms_experimental" time="0.457" /><testcase classname="biobb_analysis.test.unitests.test_ambertools.test_cpptraj_rmsf.TestCpptrajRmsfFirst" name="test_rmsf_first" time="0.374" /><testcase classname="biobb_analysis.test.unitests.test_ambertools.test_cpptraj_rmsf.TestCpptrajRmsfAverage" name="test_rmsf_average" time="0.385" /><testcase classname="biobb_analysis.test.unitests.test_ambertools.test_cpptraj_rmsf.TestCpptrajRmsfExperimental" name="test_rmsf_experimental" time="0.446" /><testcase classname="biobb_analysis.test.unitests.test_ambertools.test_cpptraj_slice.TestCpptrajSlice" name="test_slice" time="0.441" /><testcase classname="biobb_analysis.test.unitests.test_ambertools.test_cpptraj_snapshot.TestCpptrajSnapshot" name="test_snapshot" time="0.443" /><testcase classname="biobb_analysis.test.unitests.test_ambertools.test_cpptraj_strip.TestCpptrajStrip" name="test_strip" time="0.419" /><testcase classname="biobb_analysis.test.unitests.test_gromacs.test_gmx_cluster.TestGMXCluster" name="test_cluster" time="22.138" /><testcase classname="biobb_analysis.test.unitests.test_gromacs.test_gmx_energy.TestGMXEnergy" name="test_energy" time="0.239" /><testcase classname="biobb_analysis.test.unitests.test_gromacs.test_gmx_image.TestGMXImage" name="test_image" time="0.346" /><testcase classname="biobb_analysis.test.unitests.test_gromacs.test_gmx_rgyr.TestGMXRgyr" name="test_rgyr" time="0.312" /><testcase classname="biobb_analysis.test.unitests.test_gromacs.test_gmx_rms.TestGMXRms" name="test_rms" time="0.317" /><testcase classname="biobb_analysis.test.unitests.test_gromacs.test_gmx_trjconv_str.TestGMXTrjConvStr" name="test_trjconv_str" time="23.299" /><testcase classname="biobb_analysis.test.unitests.test_gromacs.test_gmx_trjconv_str_ens.TestGMXTrjConvStrEns" name="test_trjconv_str_ens" time="6.466" /><testcase classname="biobb_analysis.test.unitests.test_gromacs.test_gmx_trjconv_trj.TestGMXTrjConvTrj" name="test_trjconv_trj" time="0.246" /></testsuite></testsuites>